925	65.000000	0_0_0000065/0_07.jpg
290	20.000000	0_0_0000020/0_07.jpg
350	24.000000	0_0_0000024/0_00.jpg
1053	74.000000	0_0_0000074/0_10.jpg
261	18.000000	0_0_0000018/0_05.jpg
183	12.000000	0_0_0000012/0_15.jpg
453	31.000000	0_0_0000031/0_12.jpg
558	39.000000	0_0_0000039/0_05.jpg
526	37.000000	0_0_0000037/0_00.jpg
148	10.000000	0_0_0000010/0_08.jpg
585	41.000000	0_0_0000041/0_06.jpg
131	9.000000	0_0_0000009/0_07.jpg
1058	75.000000	0_0_0000075/0_00.jpg
692	48.000000	0_0_0000048/0_13.jpg
1078	76.000000	0_0_0000076/0_11.jpg
1007	71.000000	0_0_0000071/0_04.jpg
135	9.000000	0_0_0000009/0_11.jpg
718	50.000000	0_0_0000050/0_09.jpg
1124	79.000000	0_0_0000079/0_14.jpg
578	40.000000	0_0_0000040/0_13.jpg
1070	75.000000	0_0_0000075/0_13.jpg
740	52.000000	0_0_0000052/0_03.jpg
736	51.000000	0_0_0000051/0_14.jpg
476	33.000000	0_0_0000033/0_04.jpg
503	35.000000	0_0_0000035/0_05.jpg
344	23.000000	0_0_0000023/0_08.jpg
818	57.000000	0_0_0000057/0_10.jpg
39	3.000000	0_0_0000003/0_00.jpg
37	2.000000	0_0_0000002/0_12.jpg
800	56.000000	0_0_0000056/0_05.jpg
849	59.000000	0_0_0000059/0_15.jpg
939	66.000000	0_0_0000066/0_10.jpg
867	61.000000	0_0_0000061/0_04.jpg
715	50.000000	0_0_0000050/0_06.jpg
569	40.000000	0_0_0000040/0_02.jpg
54	4.000000	0_0_0000004/0_01.jpg
220	15.000000	0_0_0000015/0_08.jpg
668	47.000000	0_0_0000047/0_02.jpg
741	52.000000	0_0_0000052/0_05.jpg
49	3.000000	0_0_0000003/0_12.jpg
673	47.000000	0_0_0000047/0_07.jpg
780	54.000000	0_0_0000054/0_15.jpg
1126	80.000000	0_0_0000080/0_00.jpg
951	67.000000	0_0_0000067/0_01.jpg
133	9.000000	0_0_0000009/0_09.jpg
472	33.000000	0_0_0000033/0_00.jpg
1017	71.000000	0_0_0000071/0_15.jpg
423	29.000000	0_0_0000029/0_09.jpg
809	56.000000	0_0_0000056/0_15.jpg
781	55.000000	0_0_0000055/0_00.jpg
73	5.000000	0_0_0000005/0_07.jpg
309	21.000000	0_0_0000021/0_12.jpg
1037	73.000000	0_0_0000073/0_08.jpg
140	10.000000	0_0_0000010/0_00.jpg
826	58.000000	0_0_0000058/0_02.jpg
782	55.000000	0_0_0000055/0_01.jpg
249	17.000000	0_0_0000017/0_08.jpg
314	21.000000	0_0_0000021/0_17.jpg
120	8.000000	0_0_0000008/0_10.jpg
187	13.000000	0_0_0000013/0_05.jpg
29	2.000000	0_0_0000002/0_03.jpg
420	29.000000	0_0_0000029/0_05.jpg
478	33.000000	0_0_0000033/0_06.jpg
475	33.000000	0_0_0000033/0_03.jpg
70	5.000000	0_0_0000005/0_02.jpg
436	30.000000	0_0_0000030/0_08.jpg
969	68.000000	0_0_0000068/0_10.jpg
441	30.000000	0_0_0000030/0_13.jpg
588	41.000000	0_0_0000041/0_09.jpg
430	30.000000	0_0_0000030/0_01.jpg
528	37.000000	0_0_0000037/0_02.jpg
221	15.000000	0_0_0000015/0_09.jpg
582	41.000000	0_0_0000041/0_03.jpg
1084	77.000000	0_0_0000077/0_01.jpg
763	53.000000	0_0_0000053/0_11.jpg
778	54.000000	0_0_0000054/0_13.jpg
355	24.000000	0_0_0000024/0_05.jpg
182	12.000000	0_0_0000012/0_14.jpg
185	13.000000	0_0_0000013/0_02.jpg
769	54.000000	0_0_0000054/0_01.jpg
56	4.000000	0_0_0000004/0_03.jpg
1071	76.000000	0_0_0000076/0_01.jpg
1082	76.000000	0_0_0000076/0_15.jpg
445	31.000000	0_0_0000031/0_02.jpg
583	41.000000	0_0_0000041/0_04.jpg
878	62.000000	0_0_0000062/0_05.jpg
551	38.000000	0_0_0000038/0_11.jpg
765	53.000000	0_0_0000053/0_13.jpg
65	4.000000	0_0_0000004/0_12.jpg
627	44.000000	0_0_0000044/0_05.jpg
860	60.000000	0_0_0000060/0_11.jpg
655	46.000000	0_0_0000046/0_01.jpg
414	28.000000	0_0_0000028/0_13.jpg
865	61.000000	0_0_0000061/0_00.jpg
552	38.000000	0_0_0000038/0_12.jpg
1047	74.000000	0_0_0000074/0_03.jpg
172	12.000000	0_0_0000012/0_04.jpg
888	63.000000	0_0_0000063/0_00.jpg
1026	72.000000	0_0_0000072/0_10.jpg
923	65.000000	0_0_0000065/0_05.jpg
69	5.000000	0_0_0000005/0_01.jpg
142	10.000000	0_0_0000010/0_02.jpg
706	49.000000	0_0_0000049/0_12.jpg
1119	79.000000	0_0_0000079/0_08.jpg
258	18.000000	0_0_0000018/0_01.jpg
924	65.000000	0_0_0000065/0_06.jpg
121	8.000000	0_0_0000008/0_12.jpg
996	70.000000	0_0_0000070/0_09.jpg
690	48.000000	0_0_0000048/0_11.jpg
621	43.000000	0_0_0000043/0_14.jpg
1127	80.000000	0_0_0000080/0_01.jpg
675	47.000000	0_0_0000047/0_09.jpg
110	8.000000	0_0_0000008/0_00.jpg
1042	73.000000	0_0_0000073/0_13.jpg
411	28.000000	0_0_0000028/0_09.jpg
353	24.000000	0_0_0000024/0_03.jpg
1034	73.000000	0_0_0000073/0_04.jpg
21	1.000000	0_0_0000001/0_11.jpg
1031	73.000000	0_0_0000073/0_01.jpg
167	11.000000	0_0_0000011/0_15.jpg
336	23.000000	0_0_0000023/0_00.jpg
1033	73.000000	0_0_0000073/0_03.jpg
57	4.000000	0_0_0000004/0_04.jpg
770	54.000000	0_0_0000054/0_02.jpg
1105	78.000000	0_0_0000078/0_08.jpg
211	14.000000	0_0_0000014/0_15.jpg
708	49.000000	0_0_0000049/0_14.jpg
665	46.000000	0_0_0000046/0_15.jpg
77	5.000000	0_0_0000005/0_11.jpg
676	47.000000	0_0_0000047/0_10.jpg
622	43.000000	0_0_0000043/0_15.jpg
455	31.000000	0_0_0000031/0_14.jpg
334	22.000000	0_0_0000022/0_14.jpg
61	4.000000	0_0_0000004/0_08.jpg
1080	76.000000	0_0_0000076/0_13.jpg
994	70.000000	0_0_0000070/0_06.jpg
943	66.000000	0_0_0000066/0_15.jpg
950	67.000000	0_0_0000067/0_00.jpg
649	45.000000	0_0_0000045/0_11.jpg
105	7.000000	0_0_0000007/0_11.jpg
597	42.000000	0_0_0000042/0_03.jpg
965	68.000000	0_0_0000068/0_05.jpg
6	0.000000	0_0_0000000/0_08.jpg
201	14.000000	0_0_0000014/0_05.jpg
134	9.000000	0_0_0000009/0_10.jpg
674	47.000000	0_0_0000047/0_08.jpg
801	56.000000	0_0_0000056/0_07.jpg
368	25.000000	0_0_0000025/0_05.jpg
127	9.000000	0_0_0000009/0_02.jpg
707	49.000000	0_0_0000049/0_13.jpg
467	32.000000	0_0_0000032/0_11.jpg
751	52.000000	0_0_0000052/0_15.jpg
382	26.000000	0_0_0000026/0_07.jpg
100	7.000000	0_0_0000007/0_05.jpg
699	49.000000	0_0_0000049/0_04.jpg
190	13.000000	0_0_0000013/0_08.jpg
629	44.000000	0_0_0000044/0_07.jpg
498	35.000000	0_0_0000035/0_00.jpg
903	63.000000	0_0_0000063/0_15.jpg
138	9.000000	0_0_0000009/0_14.jpg
335	22.000000	0_0_0000022/0_15.jpg
319	21.000000	0_0_0000021/0_23.jpg
45	3.000000	0_0_0000003/0_08.jpg
936	66.000000	0_0_0000066/0_07.jpg
1128	80.000000	0_0_0000080/0_02.jpg
723	50.000000	0_0_0000050/0_14.jpg
953	67.000000	0_0_0000067/0_04.jpg
652	45.000000	0_0_0000045/0_14.jpg
349	23.000000	0_0_0000023/0_13.jpg
63	4.000000	0_0_0000004/0_10.jpg
879	62.000000	0_0_0000062/0_07.jpg
269	18.000000	0_0_0000018/0_13.jpg
267	18.000000	0_0_0000018/0_11.jpg
241	17.000000	0_0_0000017/0_00.jpg
956	67.000000	0_0_0000067/0_11.jpg
523	36.000000	0_0_0000036/0_13.jpg
229	16.000000	0_0_0000016/0_02.jpg
67	4.000000	0_0_0000004/0_14.jpg
612	43.000000	0_0_0000043/0_04.jpg
465	32.000000	0_0_0000032/0_09.jpg
882	62.000000	0_0_0000062/0_10.jpg
805	56.000000	0_0_0000056/0_11.jpg
1064	75.000000	0_0_0000075/0_06.jpg
766	53.000000	0_0_0000053/0_14.jpg
573	40.000000	0_0_0000040/0_07.jpg
1134	80.000000	0_0_0000080/0_09.jpg
983	69.000000	0_0_0000069/0_09.jpg
68	4.000000	0_0_0000004/0_15.jpg
1019	72.000000	0_0_0000072/0_02.jpg
1095	77.000000	0_0_0000077/0_14.jpg
456	32.000000	0_0_0000032/0_00.jpg
664	46.000000	0_0_0000046/0_12.jpg
560	39.000000	0_0_0000039/0_07.jpg
814	57.000000	0_0_0000057/0_06.jpg
175	12.000000	0_0_0000012/0_07.jpg
422	29.000000	0_0_0000029/0_08.jpg
1085	77.000000	0_0_0000077/0_02.jpg
231	16.000000	0_0_0000016/0_04.jpg
155	11.000000	0_0_0000011/0_02.jpg
905	64.000000	0_0_0000064/0_01.jpg
395	27.000000	0_0_0000027/0_07.jpg
1122	79.000000	0_0_0000079/0_12.jpg
179	12.000000	0_0_0000012/0_11.jpg
163	11.000000	0_0_0000011/0_11.jpg
605	42.000000	0_0_0000042/0_13.jpg
354	24.000000	0_0_0000024/0_04.jpg
779	54.000000	0_0_0000054/0_14.jpg
776	54.000000	0_0_0000054/0_11.jpg
114	8.000000	0_0_0000008/0_04.jpg
643	45.000000	0_0_0000045/0_05.jpg
927	65.000000	0_0_0000065/0_10.jpg
493	34.000000	0_0_0000034/0_08.jpg
27	2.000000	0_0_0000002/0_01.jpg
152	10.000000	0_0_0000010/0_12.jpg
1018	72.000000	0_0_0000072/0_00.jpg
215	15.000000	0_0_0000015/0_03.jpg
1115	79.000000	0_0_0000079/0_04.jpg
681	48.000000	0_0_0000048/0_00.jpg
794	55.000000	0_0_0000055/0_15.jpg
1046	74.000000	0_0_0000074/0_02.jpg
952	67.000000	0_0_0000067/0_03.jpg
449	31.000000	0_0_0000031/0_08.jpg
714	50.000000	0_0_0000050/0_04.jpg
678	47.000000	0_0_0000047/0_12.jpg
385	26.000000	0_0_0000026/0_10.jpg
575	40.000000	0_0_0000040/0_09.jpg
581	41.000000	0_0_0000041/0_02.jpg
256	17.000000	0_0_0000017/0_15.jpg
920	65.000000	0_0_0000065/0_00.jpg
556	39.000000	0_0_0000039/0_00.jpg
863	60.000000	0_0_0000060/0_14.jpg
972	68.000000	0_0_0000068/0_13.jpg
442	30.000000	0_0_0000030/0_15.jpg
572	40.000000	0_0_0000040/0_06.jpg
123	8.000000	0_0_0000008/0_14.jpg
44	3.000000	0_0_0000003/0_07.jpg
326	22.000000	0_0_0000022/0_01.jpg
961	68.000000	0_0_0000068/0_01.jpg
803	56.000000	0_0_0000056/0_09.jpg
240	16.000000	0_0_0000016/0_15.jpg
586	41.000000	0_0_0000041/0_07.jpg
625	44.000000	0_0_0000044/0_03.jpg
1146	81.000000	0_0_0000081/0_06.jpg
151	10.000000	0_0_0000010/0_11.jpg
817	57.000000	0_0_0000057/0_09.jpg
1028	72.000000	0_0_0000072/0_13.jpg
66	4.000000	0_0_0000004/0_13.jpg
10	0.000000	0_0_0000000/0_13.jpg
242	17.000000	0_0_0000017/0_01.jpg
772	54.000000	0_0_0000054/0_04.jpg
387	26.000000	0_0_0000026/0_12.jpg
525	36.000000	0_0_0000036/0_15.jpg
1099	78.000000	0_0_0000078/0_02.jpg
1005	71.000000	0_0_0000071/0_02.jpg
761	53.000000	0_0_0000053/0_09.jpg
529	37.000000	0_0_0000037/0_03.jpg
565	39.000000	0_0_0000039/0_13.jpg
263	18.000000	0_0_0000018/0_07.jpg
306	21.000000	0_0_0000021/0_08.jpg
577	40.000000	0_0_0000040/0_12.jpg
697	49.000000	0_0_0000049/0_02.jpg
1109	78.000000	0_0_0000078/0_13.jpg
1151	81.000000	0_0_0000081/0_12.jpg
906	64.000000	0_0_0000064/0_02.jpg
600	42.000000	0_0_0000042/0_07.jpg
189	13.000000	0_0_0000013/0_07.jpg
1003	71.000000	0_0_0000071/0_00.jpg
33	2.000000	0_0_0000002/0_08.jpg
937	66.000000	0_0_0000066/0_08.jpg
130	9.000000	0_0_0000009/0_06.jpg
497	34.000000	0_0_0000034/0_15.jpg
958	67.000000	0_0_0000067/0_13.jpg
227	16.000000	0_0_0000016/0_00.jpg
236	16.000000	0_0_0000016/0_11.jpg
890	63.000000	0_0_0000063/0_02.jpg
80	5.000000	0_0_0000005/0_14.jpg
250	17.000000	0_0_0000017/0_09.jpg
1125	79.000000	0_0_0000079/0_15.jpg
235	16.000000	0_0_0000016/0_10.jpg
58	4.000000	0_0_0000004/0_05.jpg
55	4.000000	0_0_0000004/0_02.jpg
869	61.000000	0_0_0000061/0_07.jpg
1014	71.000000	0_0_0000071/0_12.jpg
486	34.000000	0_0_0000034/0_01.jpg
773	54.000000	0_0_0000054/0_06.jpg
535	37.000000	0_0_0000037/0_10.jpg
1025	72.000000	0_0_0000072/0_09.jpg
549	38.000000	0_0_0000038/0_09.jpg
270	19.000000	0_0_0000019/0_00.jpg
886	62.000000	0_0_0000062/0_14.jpg
608	43.000000	0_0_0000043/0_00.jpg
735	51.000000	0_0_0000051/0_13.jpg
717	50.000000	0_0_0000050/0_08.jpg
512	35.000000	0_0_0000035/0_15.jpg
663	46.000000	0_0_0000046/0_11.jpg
1148	81.000000	0_0_0000081/0_08.jpg
86	6.000000	0_0_0000006/0_06.jpg
24	1.000000	0_0_0000001/0_14.jpg
850	60.000000	0_0_0000060/0_00.jpg
84	6.000000	0_0_0000006/0_03.jpg
1045	74.000000	0_0_0000074/0_01.jpg
1149	81.000000	0_0_0000081/0_09.jpg
265	18.000000	0_0_0000018/0_09.jpg
315	21.000000	0_0_0000021/0_18.jpg
137	9.000000	0_0_0000009/0_13.jpg
527	37.000000	0_0_0000037/0_01.jpg
986	69.000000	0_0_0000069/0_13.jpg
616	43.000000	0_0_0000043/0_08.jpg
1022	72.000000	0_0_0000072/0_06.jpg
1106	78.000000	0_0_0000078/0_09.jpg
192	13.000000	0_0_0000013/0_10.jpg
688	48.000000	0_0_0000048/0_08.jpg
338	23.000000	0_0_0000023/0_02.jpg
728	51.000000	0_0_0000051/0_04.jpg
451	31.000000	0_0_0000031/0_10.jpg
898	63.000000	0_0_0000063/0_10.jpg
154	11.000000	0_0_0000011/0_01.jpg
896	63.000000	0_0_0000063/0_08.jpg
955	67.000000	0_0_0000067/0_10.jpg
719	50.000000	0_0_0000050/0_10.jpg
727	51.000000	0_0_0000051/0_03.jpg
257	18.000000	0_0_0000018/0_00.jpg
18	1.000000	0_0_0000001/0_07.jpg
205	14.000000	0_0_0000014/0_09.jpg
176	12.000000	0_0_0000012/0_08.jpg
508	35.000000	0_0_0000035/0_10.jpg
169	12.000000	0_0_0000012/0_01.jpg
554	38.000000	0_0_0000038/0_14.jpg
204	14.000000	0_0_0000014/0_08.jpg
928	65.000000	0_0_0000065/0_11.jpg
1140	81.000000	0_0_0000081/0_00.jpg
884	62.000000	0_0_0000062/0_12.jpg
607	42.000000	0_0_0000042/0_15.jpg
1063	75.000000	0_0_0000075/0_05.jpg
299	21.000000	0_0_0000021/0_00.jpg
1012	71.000000	0_0_0000071/0_10.jpg
51	3.000000	0_0_0000003/0_14.jpg
170	12.000000	0_0_0000012/0_02.jpg
403	28.000000	0_0_0000028/0_00.jpg
848	59.000000	0_0_0000059/0_13.jpg
559	39.000000	0_0_0000039/0_06.jpg
532	37.000000	0_0_0000037/0_06.jpg
1137	80.000000	0_0_0000080/0_13.jpg
439	30.000000	0_0_0000030/0_11.jpg
112	8.000000	0_0_0000008/0_02.jpg
650	45.000000	0_0_0000045/0_12.jpg
974	68.000000	0_0_0000068/0_15.jpg
424	29.000000	0_0_0000029/0_10.jpg
340	23.000000	0_0_0000023/0_04.jpg
638	45.000000	0_0_0000045/0_00.jpg
212	15.000000	0_0_0000015/0_00.jpg
894	63.000000	0_0_0000063/0_06.jpg
875	62.000000	0_0_0000062/0_01.jpg
198	14.000000	0_0_0000014/0_02.jpg
1141	81.000000	0_0_0000081/0_01.jpg
654	46.000000	0_0_0000046/0_00.jpg
913	64.000000	0_0_0000064/0_09.jpg
899	63.000000	0_0_0000063/0_11.jpg
5	0.000000	0_0_0000000/0_07.jpg
289	20.000000	0_0_0000020/0_06.jpg
203	14.000000	0_0_0000014/0_07.jpg
722	50.000000	0_0_0000050/0_13.jpg
702	49.000000	0_0_0000049/0_07.jpg
775	54.000000	0_0_0000054/0_10.jpg
1088	77.000000	0_0_0000077/0_06.jpg
835	58.000000	0_0_0000058/0_12.jpg
624	44.000000	0_0_0000044/0_01.jpg
945	66.000000	0_0_0000066/0_17.jpg
603	42.000000	0_0_0000042/0_10.jpg
1102	78.000000	0_0_0000078/0_05.jpg
900	63.000000	0_0_0000063/0_12.jpg
538	37.000000	0_0_0000037/0_13.jpg
919	64.000000	0_0_0000064/0_15.jpg
255	17.000000	0_0_0000017/0_14.jpg
132	9.000000	0_0_0000009/0_08.jpg
392	27.000000	0_0_0000027/0_02.jpg
280	19.000000	0_0_0000019/0_11.jpg
323	21.000000	0_0_0000021/0_27.jpg
1008	71.000000	0_0_0000071/0_05.jpg
636	44.000000	0_0_0000044/0_14.jpg
968	68.000000	0_0_0000068/0_08.jpg
434	30.000000	0_0_0000030/0_06.jpg
459	32.000000	0_0_0000032/0_03.jpg
450	31.000000	0_0_0000031/0_09.jpg
547	38.000000	0_0_0000038/0_07.jpg
1131	80.000000	0_0_0000080/0_06.jpg
639	45.000000	0_0_0000045/0_01.jpg
374	25.000000	0_0_0000025/0_14.jpg
1004	71.000000	0_0_0000071/0_01.jpg
384	26.000000	0_0_0000026/0_09.jpg
1073	76.000000	0_0_0000076/0_04.jpg
553	38.000000	0_0_0000038/0_13.jpg
670	47.000000	0_0_0000047/0_04.jpg
824	58.000000	0_0_0000058/0_00.jpg
1030	73.000000	0_0_0000073/0_00.jpg
429	30.000000	0_0_0000030/0_00.jpg
52	3.000000	0_0_0000003/0_15.jpg
481	33.000000	0_0_0000033/0_11.jpg
370	25.000000	0_0_0000025/0_07.jpg
223	15.000000	0_0_0000015/0_11.jpg
694	48.000000	0_0_0000048/0_15.jpg
695	49.000000	0_0_0000049/0_00.jpg
437	30.000000	0_0_0000030/0_09.jpg
604	42.000000	0_0_0000042/0_11.jpg
473	33.000000	0_0_0000033/0_01.jpg
1130	80.000000	0_0_0000080/0_05.jpg
684	48.000000	0_0_0000048/0_04.jpg
283	19.000000	0_0_0000019/0_15.jpg
278	19.000000	0_0_0000019/0_09.jpg
347	23.000000	0_0_0000023/0_11.jpg
17	1.000000	0_0_0000001/0_05.jpg
893	63.000000	0_0_0000063/0_05.jpg
8	0.000000	0_0_0000000/0_11.jpg
685	48.000000	0_0_0000048/0_05.jpg
747	52.000000	0_0_0000052/0_11.jpg
1077	76.000000	0_0_0000076/0_09.jpg
292	20.000000	0_0_0000020/0_09.jpg
637	44.000000	0_0_0000044/0_15.jpg
380	26.000000	0_0_0000026/0_05.jpg
12	0.000000	0_0_0000000/0_15.jpg
871	61.000000	0_0_0000061/0_12.jpg
570	40.000000	0_0_0000040/0_03.jpg
471	32.000000	0_0_0000032/0_15.jpg
399	27.000000	0_0_0000027/0_12.jpg
499	35.000000	0_0_0000035/0_01.jpg
984	69.000000	0_0_0000069/0_11.jpg
291	20.000000	0_0_0000020/0_08.jpg
373	25.000000	0_0_0000025/0_13.jpg
795	56.000000	0_0_0000056/0_00.jpg
149	10.000000	0_0_0000010/0_09.jpg
462	32.000000	0_0_0000032/0_06.jpg
1132	80.000000	0_0_0000080/0_07.jpg
981	69.000000	0_0_0000069/0_07.jpg
587	41.000000	0_0_0000041/0_08.jpg
1060	75.000000	0_0_0000075/0_02.jpg
834	58.000000	0_0_0000058/0_11.jpg
171	12.000000	0_0_0000012/0_03.jpg
544	38.000000	0_0_0000038/0_03.jpg
657	46.000000	0_0_0000046/0_03.jpg
36	2.000000	0_0_0000002/0_11.jpg
1024	72.000000	0_0_0000072/0_08.jpg
606	42.000000	0_0_0000042/0_14.jpg
967	68.000000	0_0_0000068/0_07.jpg
960	68.000000	0_0_0000068/0_00.jpg
877	62.000000	0_0_0000062/0_04.jpg
594	41.000000	0_0_0000041/0_15.jpg
281	19.000000	0_0_0000019/0_12.jpg
892	63.000000	0_0_0000063/0_04.jpg
891	63.000000	0_0_0000063/0_03.jpg
700	49.000000	0_0_0000049/0_05.jpg
31	2.000000	0_0_0000002/0_06.jpg
653	45.000000	0_0_0000045/0_15.jpg
102	7.000000	0_0_0000007/0_07.jpg
1052	74.000000	0_0_0000074/0_09.jpg
701	49.000000	0_0_0000049/0_06.jpg
41	3.000000	0_0_0000003/0_02.jpg
463	32.000000	0_0_0000032/0_07.jpg
362	24.000000	0_0_0000024/0_14.jpg
64	4.000000	0_0_0000004/0_11.jpg
378	26.000000	0_0_0000026/0_03.jpg
1001	70.000000	0_0_0000070/0_14.jpg
93	6.000000	0_0_0000006/0_14.jpg
979	69.000000	0_0_0000069/0_05.jpg
60	4.000000	0_0_0000004/0_07.jpg
748	52.000000	0_0_0000052/0_12.jpg
191	13.000000	0_0_0000013/0_09.jpg
964	68.000000	0_0_0000068/0_04.jpg
557	39.000000	0_0_0000039/0_01.jpg
304	21.000000	0_0_0000021/0_06.jpg
168	12.000000	0_0_0000012/0_00.jpg
72	5.000000	0_0_0000005/0_04.jpg
721	50.000000	0_0_0000050/0_12.jpg
1098	78.000000	0_0_0000078/0_01.jpg
268	18.000000	0_0_0000018/0_12.jpg
363	24.000000	0_0_0000024/0_15.jpg
870	61.000000	0_0_0000061/0_09.jpg
376	26.000000	0_0_0000026/0_00.jpg
1121	79.000000	0_0_0000079/0_11.jpg
1041	73.000000	0_0_0000073/0_12.jpg
808	56.000000	0_0_0000056/0_14.jpg
651	45.000000	0_0_0000045/0_13.jpg
1069	75.000000	0_0_0000075/0_12.jpg
789	55.000000	0_0_0000055/0_09.jpg
218	15.000000	0_0_0000015/0_06.jpg
495	34.000000	0_0_0000034/0_12.jpg
197	14.000000	0_0_0000014/0_01.jpg
524	36.000000	0_0_0000036/0_14.jpg
195	13.000000	0_0_0000013/0_14.jpg
656	46.000000	0_0_0000046/0_02.jpg
15	1.000000	0_0_0000001/0_03.jpg
750	52.000000	0_0_0000052/0_14.jpg
296	20.000000	0_0_0000020/0_13.jpg
596	42.000000	0_0_0000042/0_02.jpg
1029	72.000000	0_0_0000072/0_15.jpg
325	21.000000	0_0_0000021/0_30.jpg
287	20.000000	0_0_0000020/0_03.jpg
153	10.000000	0_0_0000010/0_13.jpg
988	69.000000	0_0_0000069/0_15.jpg
464	32.000000	0_0_0000032/0_08.jpg
1112	79.000000	0_0_0000079/0_01.jpg
501	35.000000	0_0_0000035/0_03.jpg
513	36.000000	0_0_0000036/0_00.jpg
1093	77.000000	0_0_0000077/0_12.jpg
117	8.000000	0_0_0000008/0_07.jpg
796	56.000000	0_0_0000056/0_01.jpg
904	64.000000	0_0_0000064/0_00.jpg
124	8.000000	0_0_0000008/0_15.jpg
324	21.000000	0_0_0000021/0_28.jpg
371	25.000000	0_0_0000025/0_08.jpg
660	46.000000	0_0_0000046/0_06.jpg
1086	77.000000	0_0_0000077/0_04.jpg
995	70.000000	0_0_0000070/0_08.jpg
1145	81.000000	0_0_0000081/0_05.jpg
145	10.000000	0_0_0000010/0_05.jpg
479	33.000000	0_0_0000033/0_07.jpg
482	33.000000	0_0_0000033/0_12.jpg
406	28.000000	0_0_0000028/0_03.jpg
897	63.000000	0_0_0000063/0_09.jpg
739	52.000000	0_0_0000052/0_02.jpg
1083	77.000000	0_0_0000077/0_00.jpg
874	62.000000	0_0_0000062/0_00.jpg
836	58.000000	0_0_0000058/0_13.jpg
966	68.000000	0_0_0000068/0_06.jpg
813	57.000000	0_0_0000057/0_05.jpg
812	57.000000	0_0_0000057/0_04.jpg
816	57.000000	0_0_0000057/0_08.jpg
104	7.000000	0_0_0000007/0_09.jpg
753	53.000000	0_0_0000053/0_01.jpg
320	21.000000	0_0_0000021/0_24.jpg
829	58.000000	0_0_0000058/0_05.jpg
1150	81.000000	0_0_0000081/0_11.jpg
620	43.000000	0_0_0000043/0_13.jpg
762	53.000000	0_0_0000053/0_10.jpg
1118	79.000000	0_0_0000079/0_07.jpg
704	49.000000	0_0_0000049/0_09.jpg
645	45.000000	0_0_0000045/0_07.jpg
206	14.000000	0_0_0000014/0_10.jpg
574	40.000000	0_0_0000040/0_08.jpg
1016	71.000000	0_0_0000071/0_14.jpg
691	48.000000	0_0_0000048/0_12.jpg
749	52.000000	0_0_0000052/0_13.jpg
540	37.000000	0_0_0000037/0_15.jpg
94	6.000000	0_0_0000006/0_15.jpg
647	45.000000	0_0_0000045/0_09.jpg
734	51.000000	0_0_0000051/0_12.jpg
276	19.000000	0_0_0000019/0_07.jpg
165	11.000000	0_0_0000011/0_13.jpg
214	15.000000	0_0_0000015/0_02.jpg
408	28.000000	0_0_0000028/0_06.jpg
534	37.000000	0_0_0000037/0_08.jpg
125	9.000000	0_0_0000009/0_00.jpg
400	27.000000	0_0_0000027/0_13.jpg
841	59.000000	0_0_0000059/0_04.jpg
844	59.000000	0_0_0000059/0_09.jpg
1154	81.000000	0_0_0000081/0_15.jpg
367	25.000000	0_0_0000025/0_04.jpg
1108	78.000000	0_0_0000078/0_11.jpg
141	10.000000	0_0_0000010/0_01.jpg
821	57.000000	0_0_0000057/0_13.jpg
260	18.000000	0_0_0000018/0_04.jpg
421	29.000000	0_0_0000029/0_07.jpg
1094	77.000000	0_0_0000077/0_13.jpg
381	26.000000	0_0_0000026/0_06.jpg
1101	78.000000	0_0_0000078/0_04.jpg
843	59.000000	0_0_0000059/0_08.jpg
1035	73.000000	0_0_0000073/0_05.jpg
0	0.000000	0_0_0000000/0_00.jpg
601	42.000000	0_0_0000042/0_08.jpg
1011	71.000000	0_0_0000071/0_09.jpg
432	30.000000	0_0_0000030/0_04.jpg
1044	73.000000	0_0_0000073/0_15.jpg
285	20.000000	0_0_0000020/0_01.jpg
1135	80.000000	0_0_0000080/0_10.jpg
783	55.000000	0_0_0000055/0_02.jpg
999	70.000000	0_0_0000070/0_12.jpg
830	58.000000	0_0_0000058/0_06.jpg
666	47.000000	0_0_0000047/0_00.jpg
859	60.000000	0_0_0000060/0_10.jpg
791	55.000000	0_0_0000055/0_12.jpg
759	53.000000	0_0_0000053/0_07.jpg
317	21.000000	0_0_0000021/0_21.jpg
273	19.000000	0_0_0000019/0_04.jpg
963	68.000000	0_0_0000068/0_03.jpg
831	58.000000	0_0_0000058/0_07.jpg
733	51.000000	0_0_0000051/0_11.jpg
832	58.000000	0_0_0000058/0_08.jpg
838	59.000000	0_0_0000059/0_00.jpg
226	15.000000	0_0_0000015/0_15.jpg
962	68.000000	0_0_0000068/0_02.jpg
396	27.000000	0_0_0000027/0_08.jpg
438	30.000000	0_0_0000030/0_10.jpg
1090	77.000000	0_0_0000077/0_09.jpg
916	64.000000	0_0_0000064/0_12.jpg
59	4.000000	0_0_0000004/0_06.jpg
857	60.000000	0_0_0000060/0_08.jpg
32	2.000000	0_0_0000002/0_07.jpg
901	63.000000	0_0_0000063/0_13.jpg
584	41.000000	0_0_0000041/0_05.jpg
1013	71.000000	0_0_0000071/0_11.jpg
934	66.000000	0_0_0000066/0_04.jpg
1113	79.000000	0_0_0000079/0_02.jpg
726	51.000000	0_0_0000051/0_02.jpg
847	59.000000	0_0_0000059/0_12.jpg
393	27.000000	0_0_0000027/0_04.jpg
1107	78.000000	0_0_0000078/0_10.jpg
846	59.000000	0_0_0000059/0_11.jpg
303	21.000000	0_0_0000021/0_04.jpg
1076	76.000000	0_0_0000076/0_08.jpg
419	29.000000	0_0_0000029/0_04.jpg
177	12.000000	0_0_0000012/0_09.jpg
623	44.000000	0_0_0000044/0_00.jpg
245	17.000000	0_0_0000017/0_04.jpg
146	10.000000	0_0_0000010/0_06.jpg
1144	81.000000	0_0_0000081/0_04.jpg
591	41.000000	0_0_0000041/0_12.jpg
797	56.000000	0_0_0000056/0_02.jpg
410	28.000000	0_0_0000028/0_08.jpg
1079	76.000000	0_0_0000076/0_12.jpg
1072	76.000000	0_0_0000076/0_02.jpg
398	27.000000	0_0_0000027/0_11.jpg
293	20.000000	0_0_0000020/0_10.jpg
210	14.000000	0_0_0000014/0_14.jpg
144	10.000000	0_0_0000010/0_04.jpg
484	33.000000	0_0_0000033/0_15.jpg
864	60.000000	0_0_0000060/0_15.jpg
541	38.000000	0_0_0000038/0_00.jpg
500	35.000000	0_0_0000035/0_02.jpg
458	32.000000	0_0_0000032/0_02.jpg
202	14.000000	0_0_0000014/0_06.jpg
852	60.000000	0_0_0000060/0_02.jpg
1097	78.000000	0_0_0000078/0_00.jpg
461	32.000000	0_0_0000032/0_05.jpg
1009	71.000000	0_0_0000071/0_06.jpg
730	51.000000	0_0_0000051/0_06.jpg
837	58.000000	0_0_0000058/0_14.jpg
1	0.000000	0_0_0000000/0_01.jpg
377	26.000000	0_0_0000026/0_02.jpg
460	32.000000	0_0_0000032/0_04.jpg
1040	73.000000	0_0_0000073/0_11.jpg
617	43.000000	0_0_0000043/0_09.jpg
253	17.000000	0_0_0000017/0_12.jpg
680	47.000000	0_0_0000047/0_15.jpg
576	40.000000	0_0_0000040/0_10.jpg
181	12.000000	0_0_0000012/0_13.jpg
696	49.000000	0_0_0000049/0_01.jpg
339	23.000000	0_0_0000023/0_03.jpg
404	28.000000	0_0_0000028/0_01.jpg
679	47.000000	0_0_0000047/0_14.jpg
851	60.000000	0_0_0000060/0_01.jpg
415	28.000000	0_0_0000028/0_15.jpg
159	11.000000	0_0_0000011/0_07.jpg
1138	80.000000	0_0_0000080/0_14.jpg
346	23.000000	0_0_0000023/0_10.jpg
87	6.000000	0_0_0000006/0_07.jpg
542	38.000000	0_0_0000038/0_01.jpg
1066	75.000000	0_0_0000075/0_08.jpg
885	62.000000	0_0_0000062/0_13.jpg
628	44.000000	0_0_0000044/0_06.jpg
502	35.000000	0_0_0000035/0_04.jpg
92	6.000000	0_0_0000006/0_13.jpg
998	70.000000	0_0_0000070/0_11.jpg
186	13.000000	0_0_0000013/0_03.jpg
318	21.000000	0_0_0000021/0_22.jpg
644	45.000000	0_0_0000045/0_06.jpg
507	35.000000	0_0_0000035/0_09.jpg
786	55.000000	0_0_0000055/0_06.jpg
566	39.000000	0_0_0000039/0_14.jpg
908	64.000000	0_0_0000064/0_04.jpg
284	20.000000	0_0_0000020/0_00.jpg
545	38.000000	0_0_0000038/0_04.jpg
490	34.000000	0_0_0000034/0_05.jpg
807	56.000000	0_0_0000056/0_13.jpg
827	58.000000	0_0_0000058/0_03.jpg
282	19.000000	0_0_0000019/0_14.jpg
1059	75.000000	0_0_0000075/0_01.jpg
548	38.000000	0_0_0000038/0_08.jpg
806	56.000000	0_0_0000056/0_12.jpg
275	19.000000	0_0_0000019/0_06.jpg
4	0.000000	0_0_0000000/0_04.jpg
738	52.000000	0_0_0000052/0_00.jpg
444	31.000000	0_0_0000031/0_01.jpg
1002	70.000000	0_0_0000070/0_15.jpg
239	16.000000	0_0_0000016/0_14.jpg
316	21.000000	0_0_0000021/0_20.jpg
383	26.000000	0_0_0000026/0_08.jpg
975	69.000000	0_0_0000069/0_00.jpg
626	44.000000	0_0_0000044/0_04.jpg
294	20.000000	0_0_0000020/0_11.jpg
521	36.000000	0_0_0000036/0_10.jpg
949	66.000000	0_0_0000066/0_22.jpg
1020	72.000000	0_0_0000072/0_03.jpg
352	24.000000	0_0_0000024/0_02.jpg
487	34.000000	0_0_0000034/0_02.jpg
279	19.000000	0_0_0000019/0_10.jpg
609	43.000000	0_0_0000043/0_01.jpg
46	3.000000	0_0_0000003/0_09.jpg
416	29.000000	0_0_0000029/0_01.jpg
343	23.000000	0_0_0000023/0_07.jpg
1006	71.000000	0_0_0000071/0_03.jpg
494	34.000000	0_0_0000034/0_11.jpg
1092	77.000000	0_0_0000077/0_11.jpg
957	67.000000	0_0_0000067/0_12.jpg
19	1.000000	0_0_0000001/0_09.jpg
82	6.000000	0_0_0000006/0_00.jpg
1048	74.000000	0_0_0000074/0_04.jpg
78	5.000000	0_0_0000005/0_12.jpg
758	53.000000	0_0_0000053/0_06.jpg
216	15.000000	0_0_0000015/0_04.jpg
543	38.000000	0_0_0000038/0_02.jpg
99	7.000000	0_0_0000007/0_04.jpg
511	35.000000	0_0_0000035/0_14.jpg
252	17.000000	0_0_0000017/0_11.jpg
1139	80.000000	0_0_0000080/0_15.jpg
982	69.000000	0_0_0000069/0_08.jpg
767	53.000000	0_0_0000053/0_15.jpg
505	35.000000	0_0_0000035/0_07.jpg
348	23.000000	0_0_0000023/0_12.jpg
997	70.000000	0_0_0000070/0_10.jpg
129	9.000000	0_0_0000009/0_05.jpg
161	11.000000	0_0_0000011/0_09.jpg
1117	79.000000	0_0_0000079/0_06.jpg
372	25.000000	0_0_0000025/0_11.jpg
407	28.000000	0_0_0000028/0_05.jpg
546	38.000000	0_0_0000038/0_05.jpg
295	20.000000	0_0_0000020/0_12.jpg
811	57.000000	0_0_0000057/0_03.jpg
589	41.000000	0_0_0000041/0_10.jpg
947	66.000000	0_0_0000066/0_19.jpg
595	42.000000	0_0_0000042/0_01.jpg
264	18.000000	0_0_0000018/0_08.jpg
671	47.000000	0_0_0000047/0_05.jpg
42	3.000000	0_0_0000003/0_05.jpg
364	25.000000	0_0_0000025/0_00.jpg
76	5.000000	0_0_0000005/0_10.jpg
50	3.000000	0_0_0000003/0_13.jpg
610	43.000000	0_0_0000043/0_02.jpg
510	35.000000	0_0_0000035/0_13.jpg
271	19.000000	0_0_0000019/0_01.jpg
1129	80.000000	0_0_0000080/0_04.jpg
345	23.000000	0_0_0000023/0_09.jpg
477	33.000000	0_0_0000033/0_05.jpg
22	1.000000	0_0_0000001/0_12.jpg
413	28.000000	0_0_0000028/0_12.jpg
244	17.000000	0_0_0000017/0_03.jpg
530	37.000000	0_0_0000037/0_04.jpg
1153	81.000000	0_0_0000081/0_14.jpg
219	15.000000	0_0_0000015/0_07.jpg
379	26.000000	0_0_0000026/0_04.jpg
790	55.000000	0_0_0000055/0_10.jpg
631	44.000000	0_0_0000044/0_09.jpg
173	12.000000	0_0_0000012/0_05.jpg
828	58.000000	0_0_0000058/0_04.jpg
980	69.000000	0_0_0000069/0_06.jpg
737	51.000000	0_0_0000051/0_15.jpg
95	7.000000	0_0_0000007/0_00.jpg
425	29.000000	0_0_0000029/0_11.jpg
677	47.000000	0_0_0000047/0_11.jpg
861	60.000000	0_0_0000060/0_12.jpg
180	12.000000	0_0_0000012/0_12.jpg
792	55.000000	0_0_0000055/0_13.jpg
246	17.000000	0_0_0000017/0_05.jpg
771	54.000000	0_0_0000054/0_03.jpg
744	52.000000	0_0_0000052/0_08.jpg
28	2.000000	0_0_0000002/0_02.jpg
341	23.000000	0_0_0000023/0_05.jpg
266	18.000000	0_0_0000018/0_10.jpg
401	27.000000	0_0_0000027/0_14.jpg
409	28.000000	0_0_0000028/0_07.jpg
909	64.000000	0_0_0000064/0_05.jpg
222	15.000000	0_0_0000015/0_10.jpg
1110	78.000000	0_0_0000078/0_14.jpg
272	19.000000	0_0_0000019/0_03.jpg
1111	79.000000	0_0_0000079/0_00.jpg
1049	74.000000	0_0_0000074/0_05.jpg
446	31.000000	0_0_0000031/0_04.jpg
199	14.000000	0_0_0000014/0_03.jpg
914	64.000000	0_0_0000064/0_10.jpg
1027	72.000000	0_0_0000072/0_12.jpg
435	30.000000	0_0_0000030/0_07.jpg
62	4.000000	0_0_0000004/0_09.jpg
1055	74.000000	0_0_0000074/0_13.jpg
985	69.000000	0_0_0000069/0_12.jpg
7	0.000000	0_0_0000000/0_10.jpg
858	60.000000	0_0_0000060/0_09.jpg
918	64.000000	0_0_0000064/0_14.jpg
1023	72.000000	0_0_0000072/0_07.jpg
43	3.000000	0_0_0000003/0_06.jpg
672	47.000000	0_0_0000047/0_06.jpg
613	43.000000	0_0_0000043/0_05.jpg
760	53.000000	0_0_0000053/0_08.jpg
880	62.000000	0_0_0000062/0_08.jpg
166	11.000000	0_0_0000011/0_14.jpg
531	37.000000	0_0_0000037/0_05.jpg
209	14.000000	0_0_0000014/0_13.jpg
16	1.000000	0_0_0000001/0_04.jpg
774	54.000000	0_0_0000054/0_07.jpg
991	70.000000	0_0_0000070/0_02.jpg
1075	76.000000	0_0_0000076/0_07.jpg
682	48.000000	0_0_0000048/0_01.jpg
156	11.000000	0_0_0000011/0_03.jpg
274	19.000000	0_0_0000019/0_05.jpg
321	21.000000	0_0_0000021/0_25.jpg
1036	73.000000	0_0_0000073/0_06.jpg
618	43.000000	0_0_0000043/0_10.jpg
1054	74.000000	0_0_0000074/0_11.jpg
921	65.000000	0_0_0000065/0_01.jpg
83	6.000000	0_0_0000006/0_01.jpg
1050	74.000000	0_0_0000074/0_07.jpg
729	51.000000	0_0_0000051/0_05.jpg
978	69.000000	0_0_0000069/0_04.jpg
157	11.000000	0_0_0000011/0_05.jpg
1136	80.000000	0_0_0000080/0_11.jpg
662	46.000000	0_0_0000046/0_09.jpg
784	55.000000	0_0_0000055/0_04.jpg
611	43.000000	0_0_0000043/0_03.jpg
351	24.000000	0_0_0000024/0_01.jpg
160	11.000000	0_0_0000011/0_08.jpg
910	64.000000	0_0_0000064/0_06.jpg
333	22.000000	0_0_0000022/0_12.jpg
196	14.000000	0_0_0000014/0_00.jpg
635	44.000000	0_0_0000044/0_13.jpg
1104	78.000000	0_0_0000078/0_07.jpg
712	50.000000	0_0_0000050/0_02.jpg
312	21.000000	0_0_0000021/0_15.jpg
313	21.000000	0_0_0000021/0_16.jpg
1096	77.000000	0_0_0000077/0_15.jpg
307	21.000000	0_0_0000021/0_09.jpg
642	45.000000	0_0_0000045/0_04.jpg
122	8.000000	0_0_0000008/0_13.jpg
1123	79.000000	0_0_0000079/0_13.jpg
375	25.000000	0_0_0000025/0_15.jpg
1039	73.000000	0_0_0000073/0_10.jpg
116	8.000000	0_0_0000008/0_06.jpg
1120	79.000000	0_0_0000079/0_09.jpg
711	50.000000	0_0_0000050/0_01.jpg
474	33.000000	0_0_0000033/0_02.jpg
238	16.000000	0_0_0000016/0_13.jpg
724	50.000000	0_0_0000050/0_15.jpg
932	66.000000	0_0_0000066/0_02.jpg
40	3.000000	0_0_0000003/0_01.jpg
987	69.000000	0_0_0000069/0_14.jpg
1061	75.000000	0_0_0000075/0_03.jpg
109	7.000000	0_0_0000007/0_15.jpg
785	55.000000	0_0_0000055/0_05.jpg
833	58.000000	0_0_0000058/0_10.jpg
536	37.000000	0_0_0000037/0_11.jpg
537	37.000000	0_0_0000037/0_12.jpg
619	43.000000	0_0_0000043/0_12.jpg
30	2.000000	0_0_0000002/0_05.jpg
262	18.000000	0_0_0000018/0_06.jpg
602	42.000000	0_0_0000042/0_09.jpg
868	61.000000	0_0_0000061/0_05.jpg
687	48.000000	0_0_0000048/0_07.jpg
929	65.000000	0_0_0000065/0_13.jpg
504	35.000000	0_0_0000035/0_06.jpg
208	14.000000	0_0_0000014/0_12.jpg
488	34.000000	0_0_0000034/0_03.jpg
522	36.000000	0_0_0000036/0_11.jpg
358	24.000000	0_0_0000024/0_10.jpg
489	34.000000	0_0_0000034/0_04.jpg
755	53.000000	0_0_0000053/0_03.jpg
1114	79.000000	0_0_0000079/0_03.jpg
646	45.000000	0_0_0000045/0_08.jpg
480	33.000000	0_0_0000033/0_09.jpg
935	66.000000	0_0_0000066/0_05.jpg
91	6.000000	0_0_0000006/0_12.jpg
561	39.000000	0_0_0000039/0_08.jpg
115	8.000000	0_0_0000008/0_05.jpg
518	36.000000	0_0_0000036/0_06.jpg
230	16.000000	0_0_0000016/0_03.jpg
14	1.000000	0_0_0000001/0_02.jpg
35	2.000000	0_0_0000002/0_10.jpg
234	16.000000	0_0_0000016/0_08.jpg
356	24.000000	0_0_0000024/0_07.jpg
1067	75.000000	0_0_0000075/0_09.jpg
787	55.000000	0_0_0000055/0_07.jpg
756	53.000000	0_0_0000053/0_04.jpg
232	16.000000	0_0_0000016/0_06.jpg
1133	80.000000	0_0_0000080/0_08.jpg
854	60.000000	0_0_0000060/0_05.jpg
483	33.000000	0_0_0000033/0_14.jpg
802	56.000000	0_0_0000056/0_08.jpg
907	64.000000	0_0_0000064/0_03.jpg
118	8.000000	0_0_0000008/0_08.jpg
330	22.000000	0_0_0000022/0_08.jpg
954	67.000000	0_0_0000067/0_06.jpg
496	34.000000	0_0_0000034/0_14.jpg
853	60.000000	0_0_0000060/0_03.jpg
661	46.000000	0_0_0000046/0_07.jpg
106	7.000000	0_0_0000007/0_12.jpg
746	52.000000	0_0_0000052/0_10.jpg
732	51.000000	0_0_0000051/0_10.jpg
388	26.000000	0_0_0000026/0_13.jpg
915	64.000000	0_0_0000064/0_11.jpg
754	53.000000	0_0_0000053/0_02.jpg
366	25.000000	0_0_0000025/0_03.jpg
174	12.000000	0_0_0000012/0_06.jpg
902	63.000000	0_0_0000063/0_14.jpg
940	66.000000	0_0_0000066/0_11.jpg
977	69.000000	0_0_0000069/0_02.jpg
777	54.000000	0_0_0000054/0_12.jpg
143	10.000000	0_0_0000010/0_03.jpg
150	10.000000	0_0_0000010/0_10.jpg
856	60.000000	0_0_0000060/0_07.jpg
580	41.000000	0_0_0000041/0_01.jpg
568	40.000000	0_0_0000040/0_01.jpg
97	7.000000	0_0_0000007/0_02.jpg
993	70.000000	0_0_0000070/0_04.jpg
948	66.000000	0_0_0000066/0_20.jpg
300	21.000000	0_0_0000021/0_01.jpg
90	6.000000	0_0_0000006/0_11.jpg
705	49.000000	0_0_0000049/0_10.jpg
108	7.000000	0_0_0000007/0_14.jpg
492	34.000000	0_0_0000034/0_07.jpg
1032	73.000000	0_0_0000073/0_02.jpg
579	40.000000	0_0_0000040/0_15.jpg
20	1.000000	0_0_0000001/0_10.jpg
426	29.000000	0_0_0000029/0_12.jpg
452	31.000000	0_0_0000031/0_11.jpg
47	3.000000	0_0_0000003/0_10.jpg
71	5.000000	0_0_0000005/0_03.jpg
1068	75.000000	0_0_0000075/0_10.jpg
881	62.000000	0_0_0000062/0_09.jpg
359	24.000000	0_0_0000024/0_11.jpg
725	51.000000	0_0_0000051/0_00.jpg
440	30.000000	0_0_0000030/0_12.jpg
469	32.000000	0_0_0000032/0_13.jpg
1100	78.000000	0_0_0000078/0_03.jpg
402	27.000000	0_0_0000027/0_15.jpg
48	3.000000	0_0_0000003/0_11.jpg
228	16.000000	0_0_0000016/0_01.jpg
630	44.000000	0_0_0000044/0_08.jpg
592	41.000000	0_0_0000041/0_13.jpg
938	66.000000	0_0_0000066/0_09.jpg
883	62.000000	0_0_0000062/0_11.jpg
128	9.000000	0_0_0000009/0_03.jpg
308	21.000000	0_0_0000021/0_11.jpg
667	47.000000	0_0_0000047/0_01.jpg
113	8.000000	0_0_0000008/0_03.jpg
516	36.000000	0_0_0000036/0_03.jpg
942	66.000000	0_0_0000066/0_13.jpg
876	62.000000	0_0_0000062/0_02.jpg
598	42.000000	0_0_0000042/0_05.jpg
447	31.000000	0_0_0000031/0_05.jpg
139	9.000000	0_0_0000009/0_15.jpg
764	53.000000	0_0_0000053/0_12.jpg
648	45.000000	0_0_0000045/0_10.jpg
468	32.000000	0_0_0000032/0_12.jpg
640	45.000000	0_0_0000045/0_02.jpg
74	5.000000	0_0_0000005/0_08.jpg
1021	72.000000	0_0_0000072/0_04.jpg
946	66.000000	0_0_0000066/0_18.jpg
562	39.000000	0_0_0000039/0_09.jpg
590	41.000000	0_0_0000041/0_11.jpg
862	60.000000	0_0_0000060/0_13.jpg
615	43.000000	0_0_0000043/0_07.jpg
1143	81.000000	0_0_0000081/0_03.jpg
1152	81.000000	0_0_0000081/0_13.jpg
217	15.000000	0_0_0000015/0_05.jpg
200	14.000000	0_0_0000014/0_04.jpg
457	32.000000	0_0_0000032/0_01.jpg
989	70.000000	0_0_0000070/0_00.jpg
391	27.000000	0_0_0000027/0_01.jpg
389	26.000000	0_0_0000026/0_14.jpg
178	12.000000	0_0_0000012/0_10.jpg
1056	74.000000	0_0_0000074/0_14.jpg
519	36.000000	0_0_0000036/0_07.jpg
327	22.000000	0_0_0000022/0_02.jpg
720	50.000000	0_0_0000050/0_11.jpg
13	1.000000	0_0_0000001/0_01.jpg
752	53.000000	0_0_0000053/0_00.jpg
698	49.000000	0_0_0000049/0_03.jpg
3	0.000000	0_0_0000000/0_03.jpg
713	50.000000	0_0_0000050/0_03.jpg
992	70.000000	0_0_0000070/0_03.jpg
162	11.000000	0_0_0000011/0_10.jpg
147	10.000000	0_0_0000010/0_07.jpg
567	39.000000	0_0_0000039/0_15.jpg
819	57.000000	0_0_0000057/0_11.jpg
866	61.000000	0_0_0000061/0_02.jpg
360	24.000000	0_0_0000024/0_12.jpg
872	61.000000	0_0_0000061/0_13.jpg
632	44.000000	0_0_0000044/0_10.jpg
709	49.000000	0_0_0000049/0_15.jpg
1000	70.000000	0_0_0000070/0_13.jpg
85	6.000000	0_0_0000006/0_05.jpg
926	65.000000	0_0_0000065/0_09.jpg
188	13.000000	0_0_0000013/0_06.jpg
788	55.000000	0_0_0000055/0_08.jpg
745	52.000000	0_0_0000052/0_09.jpg
34	2.000000	0_0_0000002/0_09.jpg
454	31.000000	0_0_0000031/0_13.jpg
912	64.000000	0_0_0000064/0_08.jpg
689	48.000000	0_0_0000048/0_09.jpg
331	22.000000	0_0_0000022/0_09.jpg
361	24.000000	0_0_0000024/0_13.jpg
599	42.000000	0_0_0000042/0_06.jpg
840	59.000000	0_0_0000059/0_03.jpg
88	6.000000	0_0_0000006/0_09.jpg
1043	73.000000	0_0_0000073/0_14.jpg
23	1.000000	0_0_0000001/0_13.jpg
641	45.000000	0_0_0000045/0_03.jpg
742	52.000000	0_0_0000052/0_06.jpg
658	46.000000	0_0_0000046/0_04.jpg
659	46.000000	0_0_0000046/0_05.jpg
305	21.000000	0_0_0000021/0_07.jpg
224	15.000000	0_0_0000015/0_12.jpg
81	5.000000	0_0_0000005/0_15.jpg
1087	77.000000	0_0_0000077/0_05.jpg
9	0.000000	0_0_0000000/0_12.jpg
412	28.000000	0_0_0000028/0_11.jpg
237	16.000000	0_0_0000016/0_12.jpg
1089	77.000000	0_0_0000077/0_07.jpg
571	40.000000	0_0_0000040/0_05.jpg
842	59.000000	0_0_0000059/0_05.jpg
1015	71.000000	0_0_0000071/0_13.jpg
26	2.000000	0_0_0000002/0_00.jpg
959	67.000000	0_0_0000067/0_14.jpg
38	2.000000	0_0_0000002/0_14.jpg
311	21.000000	0_0_0000021/0_14.jpg
815	57.000000	0_0_0000057/0_07.jpg
277	19.000000	0_0_0000019/0_08.jpg
2	0.000000	0_0_0000000/0_02.jpg
555	38.000000	0_0_0000038/0_15.jpg
799	56.000000	0_0_0000056/0_04.jpg
1057	74.000000	0_0_0000074/0_15.jpg
466	32.000000	0_0_0000032/0_10.jpg
390	26.000000	0_0_0000026/0_15.jpg
194	13.000000	0_0_0000013/0_13.jpg
533	37.000000	0_0_0000037/0_07.jpg
1065	75.000000	0_0_0000075/0_07.jpg
550	38.000000	0_0_0000038/0_10.jpg
158	11.000000	0_0_0000011/0_06.jpg
845	59.000000	0_0_0000059/0_10.jpg
427	29.000000	0_0_0000029/0_13.jpg
297	20.000000	0_0_0000020/0_14.jpg
855	60.000000	0_0_0000060/0_06.jpg
514	36.000000	0_0_0000036/0_01.jpg
397	27.000000	0_0_0000027/0_10.jpg
930	66.000000	0_0_0000066/0_00.jpg
1103	78.000000	0_0_0000078/0_06.jpg
922	65.000000	0_0_0000065/0_02.jpg
971	68.000000	0_0_0000068/0_12.jpg
873	61.000000	0_0_0000061/0_15.jpg
75	5.000000	0_0_0000005/0_09.jpg
823	57.000000	0_0_0000057/0_15.jpg
136	9.000000	0_0_0000009/0_12.jpg
515	36.000000	0_0_0000036/0_02.jpg
251	17.000000	0_0_0000017/0_10.jpg
184	13.000000	0_0_0000013/0_00.jpg
433	30.000000	0_0_0000030/0_05.jpg
286	20.000000	0_0_0000020/0_02.jpg
1062	75.000000	0_0_0000075/0_04.jpg
193	13.000000	0_0_0000013/0_11.jpg
322	21.000000	0_0_0000021/0_26.jpg
509	35.000000	0_0_0000035/0_12.jpg
405	28.000000	0_0_0000028/0_02.jpg
96	7.000000	0_0_0000007/0_01.jpg
970	68.000000	0_0_0000068/0_11.jpg
101	7.000000	0_0_0000007/0_06.jpg
329	22.000000	0_0_0000022/0_04.jpg
911	64.000000	0_0_0000064/0_07.jpg
79	5.000000	0_0_0000005/0_13.jpg
976	69.000000	0_0_0000069/0_01.jpg
310	21.000000	0_0_0000021/0_13.jpg
820	57.000000	0_0_0000057/0_12.jpg
213	15.000000	0_0_0000015/0_01.jpg
798	56.000000	0_0_0000056/0_03.jpg
89	6.000000	0_0_0000006/0_10.jpg
428	29.000000	0_0_0000029/0_14.jpg
243	17.000000	0_0_0000017/0_02.jpg
1116	79.000000	0_0_0000079/0_05.jpg
973	68.000000	0_0_0000068/0_14.jpg
233	16.000000	0_0_0000016/0_07.jpg
25	1.000000	0_0_0000001/0_15.jpg
1142	81.000000	0_0_0000081/0_02.jpg
683	48.000000	0_0_0000048/0_02.jpg
731	51.000000	0_0_0000051/0_09.jpg
443	31.000000	0_0_0000031/0_00.jpg
1074	76.000000	0_0_0000076/0_06.jpg
634	44.000000	0_0_0000044/0_12.jpg
448	31.000000	0_0_0000031/0_06.jpg
103	7.000000	0_0_0000007/0_08.jpg
247	17.000000	0_0_0000017/0_06.jpg
563	39.000000	0_0_0000039/0_10.jpg
111	8.000000	0_0_0000008/0_01.jpg
337	23.000000	0_0_0000023/0_01.jpg
669	47.000000	0_0_0000047/0_03.jpg
119	8.000000	0_0_0000008/0_09.jpg
301	21.000000	0_0_0000021/0_02.jpg
520	36.000000	0_0_0000036/0_08.jpg
1010	71.000000	0_0_0000071/0_08.jpg
1051	74.000000	0_0_0000074/0_08.jpg
895	63.000000	0_0_0000063/0_07.jpg
491	34.000000	0_0_0000034/0_06.jpg
517	36.000000	0_0_0000036/0_05.jpg
889	63.000000	0_0_0000063/0_01.jpg
614	43.000000	0_0_0000043/0_06.jpg
207	14.000000	0_0_0000014/0_11.jpg
126	9.000000	0_0_0000009/0_01.jpg
822	57.000000	0_0_0000057/0_14.jpg
990	70.000000	0_0_0000070/0_01.jpg
743	52.000000	0_0_0000052/0_07.jpg
703	49.000000	0_0_0000049/0_08.jpg
1081	76.000000	0_0_0000076/0_14.jpg
693	48.000000	0_0_0000048/0_14.jpg
593	41.000000	0_0_0000041/0_14.jpg
1147	81.000000	0_0_0000081/0_07.jpg
506	35.000000	0_0_0000035/0_08.jpg
107	7.000000	0_0_0000007/0_13.jpg
259	18.000000	0_0_0000018/0_02.jpg
793	55.000000	0_0_0000055/0_14.jpg
917	64.000000	0_0_0000064/0_13.jpg
485	34.000000	0_0_0000034/0_00.jpg
53	4.000000	0_0_0000004/0_00.jpg
342	23.000000	0_0_0000023/0_06.jpg
394	27.000000	0_0_0000027/0_06.jpg
332	22.000000	0_0_0000022/0_11.jpg
302	21.000000	0_0_0000021/0_03.jpg
810	57.000000	0_0_0000057/0_01.jpg
11	0.000000	0_0_0000000/0_14.jpg
369	25.000000	0_0_0000025/0_06.jpg
254	17.000000	0_0_0000017/0_13.jpg
328	22.000000	0_0_0000022/0_03.jpg
768	54.000000	0_0_0000054/0_00.jpg
564	39.000000	0_0_0000039/0_11.jpg
944	66.000000	0_0_0000066/0_16.jpg
825	58.000000	0_0_0000058/0_01.jpg
431	30.000000	0_0_0000030/0_03.jpg
839	59.000000	0_0_0000059/0_01.jpg
757	53.000000	0_0_0000053/0_05.jpg
710	50.000000	0_0_0000050/0_00.jpg
386	26.000000	0_0_0000026/0_11.jpg
288	20.000000	0_0_0000020/0_04.jpg
365	25.000000	0_0_0000025/0_01.jpg
417	29.000000	0_0_0000029/0_02.jpg
633	44.000000	0_0_0000044/0_11.jpg
470	32.000000	0_0_0000032/0_14.jpg
686	48.000000	0_0_0000048/0_06.jpg
418	29.000000	0_0_0000029/0_03.jpg
98	7.000000	0_0_0000007/0_03.jpg
539	37.000000	0_0_0000037/0_14.jpg
933	66.000000	0_0_0000066/0_03.jpg
164	11.000000	0_0_0000011/0_12.jpg
248	17.000000	0_0_0000017/0_07.jpg
1091	77.000000	0_0_0000077/0_10.jpg
225	15.000000	0_0_0000015/0_14.jpg
1038	73.000000	0_0_0000073/0_09.jpg
887	62.000000	0_0_0000062/0_15.jpg
716	50.000000	0_0_0000050/0_07.jpg
804	56.000000	0_0_0000056/0_10.jpg
357	24.000000	0_0_0000024/0_09.jpg
931	66.000000	0_0_0000066/0_01.jpg
941	66.000000	0_0_0000066/0_12.jpg
298	20.000000	0_0_0000020/0_15.jpg
